[debug] [2019-06-25T22:05:15.561Z] ----------------------------------------------------------------------
[debug] [2019-06-25T22:05:15.563Z] Command:       C:\Program Files\nodejs\node.exe C:\Users\lenovo\AppData\Roaming\npm\node_modules\firebase-tools\lib\bin\firebase.js deploy
[debug] [2019-06-25T22:05:15.563Z] CLI Version:   7.0.1
[debug] [2019-06-25T22:05:15.563Z] Platform:      win32
[debug] [2019-06-25T22:05:15.563Z] Node Version:  v10.15.3
[debug] [2019-06-25T22:05:15.564Z] Time:          Wed Jun 26 2019 00:05:15 GMT+0200 (Eastern European Standard Time)
[debug] [2019-06-25T22:05:15.564Z] ----------------------------------------------------------------------
[debug] 
[debug] [2019-06-25T22:05:15.572Z] > command requires scopes: ["email","openid","https://www.googleapis.com/auth/cloudplatformprojects.readonly","https://www.googleapis.com/auth/firebase","https://www.googleapis.com/auth/cloud-platform"]
[debug] [2019-06-25T22:05:15.573Z] > authorizing via signed-in user
[debug] [2019-06-25T22:05:15.573Z] [iam] checking project myreactproject-d4417 for permissions ["firebase.projects.get","firebasehosting.sites.update"]
[debug] [2019-06-25T22:05:15.574Z] > refreshing access token with scopes: ["email","https://www.googleapis.com/auth/cloud-platform","https://www.googleapis.com/auth/cloudplatformprojects.readonly","https://www.googleapis.com/auth/firebase","openid"]
[debug] [2019-06-25T22:05:15.574Z] >>> HTTP REQUEST POST https://www.googleapis.com/oauth2/v3/token  
 <request body omitted>
[debug] [2019-06-25T22:05:16.162Z] <<< HTTP RESPONSE 200
[debug] [2019-06-25T22:05:16.166Z] >>> HTTP REQUEST POST https://cloudresourcemanager.googleapis.com/v1/projects/myreactproject-d4417:testIamPermissions  

[debug] [2019-06-25T22:06:02.714Z] Error: connect ETIMEDOUT 172.217.18.234:443
    at TCPConnectWrap.afterConnect [as oncomplete] (net.js:1097:14)
[error] 
[error] Error: Server Error. connect ETIMEDOUT 172.217.18.234:443
